<?xml version="1.0" encoding="UTF-8"?>
<coverage generated="1508828645">
  <project timestamp="1508828645">
    <package name="NovaPoshta\DataBuilders">
      <file name="/home/awd/projects/global/php/nova-poshta/src/NovaPoshta/DataBuilders/DataBuilderBase.php">
        <class name="DataBuilderBase" namespace="NovaPoshta\DataBuilders" fullPackage="NovaPoshta" package="NovaPoshta">
          <metrics complexity="14" methods="9" coveredmethods="2" conditionals="0" coveredconditionals="0" statements="20" coveredstatements="10" elements="29" coveredelements="12"/>
        </class>
        <line num="40" type="method" name="__construct" visibility="public" complexity="1" crap="1" count="1"/>
        <line num="42" type="stmt" count="1"/>
        <line num="43" type="stmt" count="1"/>
        <line num="55" type="method" name="set" visibility="public" complexity="3" crap="3.04" count="4"/>
        <line num="57" type="stmt" count="4"/>
        <line num="58" type="stmt" count="0"/>
        <line num="59" type="stmt" count="4"/>
        <line num="60" type="stmt" count="3"/>
        <line num="62" type="stmt" count="1"/>
        <line num="65" type="stmt" count="3"/>
        <line num="76" type="method" name="get" visibility="public" complexity="3" crap="3.33" count="1"/>
        <line num="78" type="stmt" count="1"/>
        <line num="79" type="stmt" count="1"/>
        <line num="82" type="stmt" count="0"/>
        <line num="93" type="method" name="current" visibility="public" complexity="1" crap="2" count="0"/>
        <line num="95" type="stmt" count="0"/>
        <line num="106" type="method" name="next" visibility="public" complexity="1" crap="2" count="0"/>
        <line num="108" type="stmt" count="0"/>
        <line num="109" type="stmt" count="0"/>
        <line num="119" type="method" name="key" visibility="public" complexity="1" crap="2" count="0"/>
        <line num="121" type="stmt" count="0"/>
        <line num="133" type="method" name="valid" visibility="public" complexity="2" crap="6" count="0"/>
        <line num="135" type="stmt" count="0"/>
        <line num="137" type="stmt" count="0"/>
        <line num="148" type="method" name="rewind" visibility="public" complexity="1" crap="2" count="0"/>
        <line num="150" type="stmt" count="0"/>
        <line num="151" type="stmt" count="0"/>
        <line num="163" type="method" name="count" visibility="public" complexity="1" crap="1" count="2"/>
        <line num="165" type="stmt" count="2"/>
        <metrics loc="167" ncloc="83" classes="1" methods="9" coveredmethods="2" conditionals="0" coveredconditionals="0" statements="20" coveredstatements="10" elements="29" coveredelements="12"/>
      </file>
      <file name="/home/awd/projects/global/php/nova-poshta/src/NovaPoshta/DataBuilders/MethodProperties.php">
        <class name="MethodProperties" namespace="NovaPoshta\DataBuilders" fullPackage="NovaPoshta" package="NovaPoshta">
          <metrics complexity="1" methods="1" coveredmethods="1" conditionals="0" coveredconditionals="0" statements="1" coveredstatements="1" elements="2" coveredelements="2"/>
        </class>
        <line num="33" type="method" name="jsonSerialize" visibility="public" complexity="1" crap="1" count="2"/>
        <line num="35" type="stmt" count="2"/>
        <metrics loc="37" ncloc="16" classes="1" methods="1" coveredmethods="1" conditionals="0" coveredconditionals="0" statements="1" coveredstatements="1" elements="2" coveredelements="2"/>
      </file>
      <file name="/home/awd/projects/global/php/nova-poshta/src/NovaPoshta/DataBuilders/RequestData.php">
        <class name="RequestData" namespace="NovaPoshta\DataBuilders" fullPackage="NovaPoshta" package="NovaPoshta">
          <metrics complexity="4" methods="1" coveredmethods="1" conditionals="0" coveredconditionals="0" statements="11" coveredstatements="11" elements="12" coveredelements="12"/>
        </class>
        <line num="68" type="method" name="build" visibility="public" complexity="4" crap="4" count="3"/>
        <line num="70" type="stmt" count="3"/>
        <line num="72" type="stmt" count="3"/>
        <line num="73" type="stmt" count="3"/>
        <line num="74" type="stmt" count="3"/>
        <line num="75" type="stmt" count="3"/>
        <line num="77" type="stmt" count="3"/>
        <line num="78" type="stmt" count="3"/>
        <line num="79" type="stmt" count="3"/>
        <line num="83" type="stmt" count="3"/>
        <line num="84" type="stmt" count="3"/>
        <line num="87" type="stmt" count="1"/>
        <metrics loc="89" ncloc="46" classes="1" methods="1" coveredmethods="1" conditionals="0" coveredconditionals="0" statements="11" coveredstatements="11" elements="12" coveredelements="12"/>
      </file>
    </package>
    <file name="/home/awd/projects/global/php/nova-poshta/src/NovaPoshta/DataBuilders/DataInterface.php">
      <metrics loc="42" ncloc="14" classes="0" methods="0" coveredmethods="0" conditionals="0" coveredconditionals="0" statements="0" coveredstatements="0" elements="0" coveredelements="0"/>
    </file>
    <file name="/home/awd/projects/global/php/nova-poshta/src/NovaPoshta/DataBuilders/RequestDataInterface.php">
      <metrics loc="31" ncloc="13" classes="0" methods="0" coveredmethods="0" conditionals="0" coveredconditionals="0" statements="0" coveredstatements="0" elements="0" coveredelements="0"/>
    </file>
    <file name="/home/awd/projects/global/php/nova-poshta/src/NovaPoshta/Entities/EntityInterface.php">
      <metrics loc="40" ncloc="15" classes="0" methods="0" coveredmethods="0" conditionals="0" coveredconditionals="0" statements="0" coveredstatements="0" elements="0" coveredelements="0"/>
    </file>
    <package name="NovaPoshta\Entities">
      <file name="/home/awd/projects/global/php/nova-poshta/src/NovaPoshta/Entities/Track.php">
        <class name="Track" namespace="NovaPoshta\Entities" fullPackage="NovaPoshta" package="NovaPoshta">
          <metrics complexity="13" methods="6" coveredmethods="3" conditionals="0" coveredconditionals="0" statements="21" coveredstatements="17" elements="27" coveredelements="20"/>
        </class>
        <line num="44" type="method" name="__construct" visibility="public" complexity="8" crap="8.02" count="3"/>
        <line num="46" type="stmt" count="3"/>
        <line num="48" type="stmt" count="2"/>
        <line num="49" type="stmt" count="1"/>
        <line num="50" type="stmt" count="1"/>
        <line num="51" type="stmt" count="1"/>
        <line num="54" type="stmt" count="2"/>
        <line num="55" type="stmt" count="0"/>
        <line num="56" type="stmt" count="2"/>
        <line num="57" type="stmt" count="2"/>
        <line num="60" type="stmt" count="3"/>
        <line num="61" type="stmt" count="3"/>
        <line num="64" type="stmt" count="3"/>
        <line num="65" type="stmt" count="3"/>
        <line num="67" type="stmt" count="3"/>
        <line num="75" type="method" name="getId" visibility="public" complexity="1" crap="1" count="5"/>
        <line num="77" type="stmt" count="5"/>
        <line num="84" type="method" name="setPhone" visibility="public" complexity="1" crap="2" count="0"/>
        <line num="86" type="stmt" count="0"/>
        <line num="87" type="stmt" count="0"/>
        <line num="93" type="method" name="getPhone" visibility="public" complexity="1" crap="1" count="1"/>
        <line num="95" type="stmt" count="1"/>
        <line num="104" type="method" name="build" visibility="public" complexity="1" crap="1" count="2"/>
        <line num="107" type="stmt" count="2"/>
        <line num="108" type="stmt" count="2"/>
        <line num="121" type="method" name="create" visibility="public" complexity="1" crap="2" count="0"/>
        <line num="123" type="stmt" count="0"/>
        <metrics loc="125" ncloc="72" classes="1" methods="6" coveredmethods="3" conditionals="0" coveredconditionals="0" statements="21" coveredstatements="17" elements="27" coveredelements="20"/>
      </file>
      <file name="/home/awd/projects/global/php/nova-poshta/src/NovaPoshta/Entities/TrackList.php">
        <class name="TrackList" namespace="NovaPoshta\Entities" fullPackage="NovaPoshta" package="NovaPoshta">
          <metrics complexity="18" methods="10" coveredmethods="3" conditionals="0" coveredconditionals="0" statements="28" coveredstatements="18" elements="38" coveredelements="21"/>
        </class>
        <line num="59" type="method" name="__construct" visibility="public" complexity="7" crap="7.03" count="6"/>
        <line num="61" type="stmt" count="6"/>
        <line num="62" type="stmt" count="6"/>
        <line num="63" type="stmt" count="3"/>
        <line num="64" type="stmt" count="1"/>
        <line num="65" type="stmt" count="0"/>
        <line num="67" type="stmt" count="1"/>
        <line num="68" type="stmt" count="1"/>
        <line num="71" type="stmt" count="2"/>
        <line num="73" type="stmt" count="1"/>
        <line num="74" type="stmt" count="1"/>
        <line num="77" type="stmt" count="1"/>
        <line num="79" type="stmt" count="6"/>
        <line num="87" type="method" name="getAllTracks" visibility="public" complexity="1" crap="2" count="0"/>
        <line num="89" type="stmt" count="0"/>
        <line num="100" type="method" name="getTrack" visibility="public" complexity="2" crap="2" count="2"/>
        <line num="102" type="stmt" count="2"/>
        <line num="104" type="stmt" count="2"/>
        <line num="106" type="stmt" count="2"/>
        <line num="114" type="method" name="addTrack" visibility="public" complexity="1" crap="1" count="2"/>
        <line num="116" type="stmt" count="2"/>
        <line num="118" type="stmt" count="2"/>
        <line num="119" type="stmt" count="2"/>
        <line num="129" type="method" name="next" visibility="public" complexity="1" crap="2" count="0"/>
        <line num="131" type="stmt" count="0"/>
        <line num="132" type="stmt" count="0"/>
        <line num="142" type="method" name="key" visibility="public" complexity="1" crap="2" count="0"/>
        <line num="144" type="stmt" count="0"/>
        <line num="156" type="method" name="valid" visibility="public" complexity="2" crap="6" count="0"/>
        <line num="158" type="stmt" count="0"/>
        <line num="160" type="stmt" count="0"/>
        <line num="171" type="method" name="rewind" visibility="public" complexity="1" crap="2" count="0"/>
        <line num="173" type="stmt" count="0"/>
        <line num="174" type="stmt" count="0"/>
        <line num="184" type="method" name="current" visibility="public" complexity="1" crap="2" count="0"/>
        <line num="186" type="stmt" count="0"/>
        <line num="199" type="method" name="count" visibility="public" complexity="1" crap="1" count="1"/>
        <line num="201" type="stmt" count="1"/>
        <metrics loc="203" ncloc="100" classes="1" methods="10" coveredmethods="3" conditionals="0" coveredconditionals="0" statements="28" coveredstatements="18" elements="38" coveredelements="21"/>
      </file>
    </package>
    <package name="NovaPoshta\Exceptions">
      <file name="/home/awd/projects/global/php/nova-poshta/src/NovaPoshta/Exceptions/NpException.php">
        <class name="NpException" namespace="NovaPoshta\Exceptions" fullPackage="NovaPoshta" package="NovaPoshta">
          <metrics complexity="0" methods="0" coveredmethods="0" conditionals="0" coveredconditionals="0" statements="0" coveredstatements="0" elements="0" coveredelements="0"/>
        </class>
        <metrics loc="25" ncloc="12" classes="0" methods="0" coveredmethods="0" conditionals="0" coveredconditionals="0" statements="0" coveredstatements="0" elements="0" coveredelements="0"/>
      </file>
    </package>
    <package name="NovaPoshta\Http">
      <file name="/home/awd/projects/global/php/nova-poshta/src/NovaPoshta/Http/CurlHttp.php">
        <class name="CurlHttp" namespace="NovaPoshta\Http" fullPackage="NovaPoshta" package="NovaPoshta">
          <metrics complexity="3" methods="1" coveredmethods="0" conditionals="0" coveredconditionals="0" statements="20" coveredstatements="0" elements="21" coveredelements="0"/>
        </class>
        <line num="36" type="method" name="send" visibility="public" complexity="3" crap="12" count="0"/>
        <line num="38" type="stmt" count="0"/>
        <line num="40" type="stmt" count="0"/>
        <line num="42" type="stmt" count="0"/>
        <line num="43" type="stmt" count="0"/>
        <line num="45" type="stmt" count="0"/>
        <line num="47" type="stmt" count="0"/>
        <line num="48" type="stmt" count="0"/>
        <line num="50" type="stmt" count="0"/>
        <line num="51" type="stmt" count="0"/>
        <line num="52" type="stmt" count="0"/>
        <line num="53" type="stmt" count="0"/>
        <line num="54" type="stmt" count="0"/>
        <line num="55" type="stmt" count="0"/>
        <line num="56" type="stmt" count="0"/>
        <line num="59" type="stmt" count="0"/>
        <line num="61" type="stmt" count="0"/>
        <line num="63" type="stmt" count="0"/>
        <line num="65" type="stmt" count="0"/>
        <line num="66" type="stmt" count="0"/>
        <line num="70" type="stmt" count="0"/>
        <metrics loc="72" ncloc="49" classes="1" methods="1" coveredmethods="0" conditionals="0" coveredconditionals="0" statements="20" coveredstatements="0" elements="21" coveredelements="0"/>
      </file>
      <file name="/home/awd/projects/global/php/nova-poshta/src/NovaPoshta/Http/GuzzleHttp.php">
        <class name="GuzzleHttp" namespace="NovaPoshta\Http" fullPackage="NovaPoshta" package="NovaPoshta">
          <metrics complexity="2" methods="1" coveredmethods="0" conditionals="0" coveredconditionals="0" statements="10" coveredstatements="0" elements="11" coveredelements="0"/>
        </class>
        <line num="38" type="method" name="send" visibility="public" complexity="2" crap="6" count="0"/>
        <line num="40" type="stmt" count="0"/>
        <line num="42" type="stmt" count="0"/>
        <line num="43" type="stmt" count="0"/>
        <line num="45" type="stmt" count="0"/>
        <line num="48" type="stmt" count="0"/>
        <line num="50" type="stmt" count="0"/>
        <line num="51" type="stmt" count="0"/>
        <line num="54" type="stmt" count="0"/>
        <line num="55" type="stmt" count="0"/>
        <line num="56" type="stmt" count="0"/>
        <metrics loc="59" ncloc="38" classes="1" methods="1" coveredmethods="0" conditionals="0" coveredconditionals="0" statements="10" coveredstatements="0" elements="11" coveredelements="0"/>
      </file>
      <file name="/home/awd/projects/global/php/nova-poshta/src/NovaPoshta/Http/Response.php">
        <class name="Response" namespace="NovaPoshta\Http" fullPackage="NovaPoshta" package="NovaPoshta">
          <metrics complexity="9" methods="5" coveredmethods="1" conditionals="0" coveredconditionals="0" statements="14" coveredstatements="10" elements="19" coveredelements="11"/>
        </class>
        <line num="49" type="method" name="__construct" visibility="public" complexity="3" crap="3.07" count="4"/>
        <line num="51" type="stmt" count="4"/>
        <line num="53" type="stmt" count="4"/>
        <line num="54" type="stmt" count="4"/>
        <line num="56" type="stmt" count="0"/>
        <line num="58" type="stmt" count="4"/>
        <line num="67" type="method" name="completeResponse" visibility="protected" complexity="2" crap="2.15" count="2"/>
        <line num="69" type="stmt" count="2"/>
        <line num="70" type="stmt" count="2"/>
        <line num="72" type="stmt" count="0"/>
        <line num="84" type="method" name="getResponse" visibility="public" complexity="2" crap="2.15" count="24"/>
        <line num="86" type="stmt" count="24"/>
        <line num="87" type="stmt" count="24"/>
        <line num="90" type="stmt" count="0"/>
        <line num="99" type="method" name="getRawResponse" visibility="public" complexity="1" crap="2" count="0"/>
        <line num="101" type="stmt" count="0"/>
        <line num="112" type="method" name="build" visibility="public" complexity="1" crap="1" count="1"/>
        <line num="114" type="stmt" count="1"/>
        <line num="116" type="stmt" count="1"/>
        <metrics loc="118" ncloc="61" classes="1" methods="5" coveredmethods="1" conditionals="0" coveredconditionals="0" statements="14" coveredstatements="10" elements="19" coveredelements="11"/>
      </file>
    </package>
    <file name="/home/awd/projects/global/php/nova-poshta/src/NovaPoshta/Http/HttpInterface.php">
      <metrics loc="35" ncloc="14" classes="0" methods="0" coveredmethods="0" conditionals="0" coveredconditionals="0" statements="0" coveredstatements="0" elements="0" coveredelements="0"/>
    </file>
    <file name="/home/awd/projects/global/php/nova-poshta/src/NovaPoshta/Models/AdditionalServiceGeneralInterface.php">
      <metrics loc="104" ncloc="12" classes="0" methods="0" coveredmethods="0" conditionals="0" coveredconditionals="0" statements="0" coveredstatements="0" elements="0" coveredelements="0"/>
    </file>
    <file name="/home/awd/projects/global/php/nova-poshta/src/NovaPoshta/Models/AdditionalServiceInterface.php">
      <metrics loc="116" ncloc="14" classes="0" methods="0" coveredmethods="0" conditionals="0" coveredconditionals="0" statements="0" coveredstatements="0" elements="0" coveredelements="0"/>
    </file>
    <package name="NovaPoshta\Models">
      <file name="/home/awd/projects/global/php/nova-poshta/src/NovaPoshta/Models/Address.php">
        <class name="Address" namespace="NovaPoshta\Models" fullPackage="NovaPoshta" package="NovaPoshta">
          <metrics complexity="10" methods="10" coveredmethods="10" conditionals="0" coveredconditionals="0" statements="32" coveredstatements="32" elements="42" coveredelements="42"/>
        </class>
        <line num="33" type="method" name="getModelId" visibility="public" complexity="1" crap="1" count="1"/>
        <line num="35" type="stmt" count="1"/>
        <line num="54" type="method" name="getWarehouses" visibility="public" complexity="1" crap="1" count="1"/>
        <line num="56" type="stmt" count="1"/>
        <line num="57" type="stmt" count="1"/>
        <line num="59" type="stmt" count="1"/>
        <line num="71" type="method" name="getBranches" visibility="public" complexity="1" crap="1" count="1"/>
        <line num="73" type="stmt" count="1"/>
        <line num="74" type="stmt" count="1"/>
        <line num="76" type="stmt" count="1"/>
        <line num="92" type="method" name="getCities" visibility="public" complexity="1" crap="1" count="1"/>
        <line num="94" type="stmt" count="1"/>
        <line num="95" type="stmt" count="1"/>
        <line num="97" type="stmt" count="1"/>
        <line num="108" type="method" name="getAreas" visibility="public" complexity="1" crap="1" count="1"/>
        <line num="110" type="stmt" count="1"/>
        <line num="112" type="stmt" count="1"/>
        <line num="123" type="method" name="getWarehouseTypes" visibility="public" complexity="1" crap="1" count="1"/>
        <line num="125" type="stmt" count="1"/>
        <line num="127" type="stmt" count="1"/>
        <line num="142" type="method" name="searchSettlements" visibility="public" complexity="1" crap="1" count="1"/>
        <line num="144" type="stmt" count="1"/>
        <line num="145" type="stmt" count="1"/>
        <line num="146" type="stmt" count="1"/>
        <line num="147" type="stmt" count="1"/>
        <line num="150" type="stmt" count="1"/>
        <line num="166" type="method" name="searchSettlementStreets" visibility="public" complexity="1" crap="1" count="2"/>
        <line num="168" type="stmt" count="2"/>
        <line num="169" type="stmt" count="2"/>
        <line num="170" type="stmt" count="2"/>
        <line num="171" type="stmt" count="2"/>
        <line num="176" type="stmt" count="1"/>
        <line num="192" type="method" name="getStreet" visibility="public" complexity="1" crap="1" count="1"/>
        <line num="194" type="stmt" count="1"/>
        <line num="195" type="stmt" count="1"/>
        <line num="196" type="stmt" count="1"/>
        <line num="197" type="stmt" count="1"/>
        <line num="200" type="stmt" count="1"/>
        <line num="218" type="method" name="getSettlements" visibility="public" complexity="1" crap="1" count="1"/>
        <line num="220" type="stmt" count="1"/>
        <line num="221" type="stmt" count="1"/>
        <line num="223" type="stmt" count="1"/>
        <metrics loc="225" ncloc="107" classes="1" methods="10" coveredmethods="10" conditionals="0" coveredconditionals="0" statements="32" coveredstatements="32" elements="42" coveredelements="42"/>
      </file>
      <file name="/home/awd/projects/global/php/nova-poshta/src/NovaPoshta/Models/Common.php">
        <class name="Common" namespace="NovaPoshta\Models" fullPackage="NovaPoshta" package="NovaPoshta">
          <metrics complexity="15" methods="15" coveredmethods="15" conditionals="0" coveredconditionals="0" statements="40" coveredstatements="40" elements="55" coveredelements="55"/>
        </class>
        <line num="29" type="method" name="getModelId" visibility="public" complexity="1" crap="1" count="1"/>
        <line num="31" type="stmt" count="1"/>
        <line num="42" type="method" name="getCargoTypes" visibility="public" complexity="1" crap="1" count="1"/>
        <line num="44" type="stmt" count="1"/>
        <line num="46" type="stmt" count="1"/>
        <line num="57" type="method" name="getBackwardDeliveryCargoTypes" visibility="public" complexity="1" crap="1" count="1"/>
        <line num="59" type="stmt" count="1"/>
        <line num="61" type="stmt" count="1"/>
        <line num="72" type="method" name="getPalletsList" visibility="public" complexity="1" crap="1" count="1"/>
        <line num="74" type="stmt" count="1"/>
        <line num="76" type="stmt" count="1"/>
        <line num="87" type="method" name="getTypesOfPayers" visibility="public" complexity="1" crap="1" count="1"/>
        <line num="89" type="stmt" count="1"/>
        <line num="91" type="stmt" count="1"/>
        <line num="102" type="method" name="getTypesOfPayersForRedelivery" visibility="public" complexity="1" crap="1" count="1"/>
        <line num="104" type="stmt" count="1"/>
        <line num="106" type="stmt" count="1"/>
        <line num="122" type="method" name="getPackList" visibility="public" complexity="1" crap="1" count="1"/>
        <line num="128" type="stmt" count="1"/>
        <line num="129" type="stmt" count="1"/>
        <line num="130" type="stmt" count="1"/>
        <line num="131" type="stmt" count="1"/>
        <line num="132" type="stmt" count="1"/>
        <line num="133" type="stmt" count="1"/>
        <line num="136" type="stmt" count="1"/>
        <line num="147" type="method" name="getTiresWheelsList" visibility="public" complexity="1" crap="1" count="1"/>
        <line num="149" type="stmt" count="1"/>
        <line num="151" type="stmt" count="1"/>
        <line num="165" type="method" name="getCargoDescriptionList" visibility="public" complexity="1" crap="1" count="1"/>
        <line num="167" type="stmt" count="1"/>
        <line num="168" type="stmt" count="1"/>
        <line num="169" type="stmt" count="1"/>
        <line num="170" type="stmt" count="1"/>
        <line num="173" type="stmt" count="1"/>
        <line num="184" type="method" name="getMessageCodeText" visibility="public" complexity="1" crap="1" count="1"/>
        <line num="186" type="stmt" count="1"/>
        <line num="188" type="stmt" count="1"/>
        <line num="199" type="method" name="getServiceTypes" visibility="public" complexity="1" crap="1" count="1"/>
        <line num="201" type="stmt" count="1"/>
        <line num="203" type="stmt" count="1"/>
        <line num="214" type="method" name="getTypesOfCounterparties" visibility="public" complexity="1" crap="1" count="1"/>
        <line num="216" type="stmt" count="1"/>
        <line num="218" type="stmt" count="1"/>
        <line num="229" type="method" name="getPaymentForms" visibility="public" complexity="1" crap="1" count="1"/>
        <line num="231" type="stmt" count="1"/>
        <line num="233" type="stmt" count="1"/>
        <line num="244" type="method" name="getOwnershipFormsList" visibility="public" complexity="1" crap="1" count="1"/>
        <line num="246" type="stmt" count="1"/>
        <line num="248" type="stmt" count="1"/>
        <line num="262" type="method" name="getTimeIntervals" visibility="public" complexity="1" crap="1" count="1"/>
        <line num="264" type="stmt" count="1"/>
        <line num="265" type="stmt" count="1"/>
        <line num="266" type="stmt" count="1"/>
        <line num="267" type="stmt" count="1"/>
        <line num="270" type="stmt" count="1"/>
        <metrics loc="272" ncloc="145" classes="1" methods="15" coveredmethods="15" conditionals="0" coveredconditionals="0" statements="40" coveredstatements="40" elements="55" coveredelements="55"/>
      </file>
      <file name="/home/awd/projects/global/php/nova-poshta/src/NovaPoshta/Models/ModelBase.php">
        <class name="ModelBase" namespace="NovaPoshta\Models" fullPackage="NovaPoshta" package="NovaPoshta">
          <metrics complexity="15" methods="11" coveredmethods="1" conditionals="0" coveredconditionals="0" statements="27" coveredstatements="5" elements="38" coveredelements="6"/>
        </class>
        <line num="63" type="method" name="__construct" visibility="public" complexity="1" crap="1" count="1"/>
        <line num="65" type="stmt" count="1"/>
        <line num="66" type="stmt" count="1"/>
        <line num="67" type="stmt" count="1"/>
        <line num="70" type="stmt" count="1"/>
        <line num="72" type="stmt" count="1"/>
        <line num="83" type="method" name="send" visibility="public" complexity="2" crap="6" count="0"/>
        <line num="86" type="stmt" count="0"/>
        <line num="87" type="stmt" count="0"/>
        <line num="88" type="stmt" count="0"/>
        <line num="89" type="stmt" count="0"/>
        <line num="90" type="stmt" count="0"/>
        <line num="93" type="stmt" count="0"/>
        <line num="106" type="method" name="setModelName" visibility="private" complexity="1" crap="2" count="0"/>
        <line num="108" type="stmt" count="0"/>
        <line num="110" type="stmt" count="0"/>
        <line num="121" type="method" name="getCalledMethod" visibility="public" complexity="1" crap="2" count="0"/>
        <line num="123" type="stmt" count="0"/>
        <line num="135" type="method" name="setCalledMethod" visibility="public" complexity="1" crap="2" count="0"/>
        <line num="137" type="stmt" count="0"/>
        <line num="139" type="stmt" count="0"/>
        <line num="148" type="method" name="getModelName" visibility="public" complexity="1" crap="2" count="0"/>
        <line num="150" type="stmt" count="0"/>
        <line num="159" type="method" name="getSettings" visibility="public" complexity="1" crap="2" count="0"/>
        <line num="161" type="stmt" count="0"/>
        <line num="170" type="method" name="getMethodProperties" visibility="public" complexity="1" crap="2" count="0"/>
        <line num="172" type="stmt" count="0"/>
        <line num="185" type="method" name="setMethodProperties" visibility="public" complexity="1" crap="2" count="0"/>
        <line num="187" type="stmt" count="0"/>
        <line num="189" type="stmt" count="0"/>
        <line num="203" type="method" name="setMethodProperty" visibility="public" complexity="1" crap="2" count="0"/>
        <line num="205" type="stmt" count="0"/>
        <line num="207" type="stmt" count="0"/>
        <line num="218" type="method" name="getRequiredProperties" visibility="public" complexity="3" crap="12" count="0"/>
        <line num="220" type="stmt" count="0"/>
        <line num="221" type="stmt" count="0"/>
        <line num="222" type="stmt" count="0"/>
        <line num="225" type="stmt" count="0"/>
        <metrics loc="234" ncloc="120" classes="1" methods="11" coveredmethods="1" conditionals="0" coveredconditionals="0" statements="27" coveredstatements="5" elements="38" coveredelements="6"/>
      </file>
      <file name="/home/awd/projects/global/php/nova-poshta/src/NovaPoshta/Models/Payment.php">
        <class name="Payment" namespace="NovaPoshta\Models" fullPackage="NovaPoshta" package="NovaPoshta">
          <metrics complexity="2" methods="2" coveredmethods="2" conditionals="0" coveredconditionals="0" statements="3" coveredstatements="3" elements="5" coveredelements="5"/>
        </class>
        <line num="28" type="method" name="getModelId" visibility="public" complexity="1" crap="1" count="1"/>
        <line num="30" type="stmt" count="1"/>
        <line num="41" type="method" name="getCards" visibility="public" complexity="1" crap="1" count="1"/>
        <line num="43" type="stmt" count="1"/>
        <line num="45" type="stmt" count="1"/>
        <metrics loc="47" ncloc="22" classes="1" methods="2" coveredmethods="2" conditionals="0" coveredconditionals="0" statements="3" coveredstatements="3" elements="5" coveredelements="5"/>
      </file>
      <file name="/home/awd/projects/global/php/nova-poshta/src/NovaPoshta/Models/TrackingDocument.php">
        <class name="TrackingDocument" namespace="NovaPoshta\Models" fullPackage="NovaPoshta" package="NovaPoshta">
          <metrics complexity="5" methods="5" coveredmethods="3" conditionals="0" coveredconditionals="0" statements="12" coveredstatements="4" elements="17" coveredelements="7"/>
        </class>
        <line num="44" type="method" name="getModelId" visibility="public" complexity="1" crap="1" count="1"/>
        <line num="46" type="stmt" count="1"/>
        <line num="55" type="method" name="setTrackList" visibility="public" complexity="1" crap="1" count="1"/>
        <line num="57" type="stmt" count="1"/>
        <line num="58" type="stmt" count="1"/>
        <line num="64" type="method" name="getTrackList" visibility="public" complexity="1" crap="1" count="1"/>
        <line num="66" type="stmt" count="1"/>
        <line num="79" type="method" name="getStatusDocuments" visibility="public" complexity="1" crap="2" count="0"/>
        <line num="81" type="stmt" count="0"/>
        <line num="83" type="stmt" count="0"/>
        <line num="84" type="stmt" count="0"/>
        <line num="85" type="stmt" count="0"/>
        <line num="88" type="stmt" count="0"/>
        <line num="102" type="method" name="track" visibility="public" complexity="1" crap="2" count="0"/>
        <line num="104" type="stmt" count="0"/>
        <line num="105" type="stmt" count="0"/>
        <line num="107" type="stmt" count="0"/>
        <metrics loc="109" ncloc="55" classes="1" methods="5" coveredmethods="3" conditionals="0" coveredconditionals="0" statements="12" coveredstatements="4" elements="17" coveredelements="7"/>
      </file>
    </package>
    <file name="/home/awd/projects/global/php/nova-poshta/src/NovaPoshta/Models/AddressInterface.php">
      <metrics loc="190" ncloc="35" classes="0" methods="0" coveredmethods="0" conditionals="0" coveredconditionals="0" statements="0" coveredstatements="0" elements="0" coveredelements="0"/>
    </file>
    <file name="/home/awd/projects/global/php/nova-poshta/src/NovaPoshta/Models/CommonInterface.php">
      <metrics loc="179" ncloc="55" classes="0" methods="0" coveredmethods="0" conditionals="0" coveredconditionals="0" statements="0" coveredstatements="0" elements="0" coveredelements="0"/>
    </file>
    <file name="/home/awd/projects/global/php/nova-poshta/src/NovaPoshta/Models/ContactPersonInterface.php">
      <metrics loc="73" ncloc="11" classes="0" methods="0" coveredmethods="0" conditionals="0" coveredconditionals="0" statements="0" coveredstatements="0" elements="0" coveredelements="0"/>
    </file>
    <file name="/home/awd/projects/global/php/nova-poshta/src/NovaPoshta/Models/CounterpartyInterface.php">
      <metrics loc="132" ncloc="15" classes="0" methods="0" coveredmethods="0" conditionals="0" coveredconditionals="0" statements="0" coveredstatements="0" elements="0" coveredelements="0"/>
    </file>
    <file name="/home/awd/projects/global/php/nova-poshta/src/NovaPoshta/Models/InternetDocumentInterface.php">
      <metrics loc="96" ncloc="18" classes="0" methods="0" coveredmethods="0" conditionals="0" coveredconditionals="0" statements="0" coveredstatements="0" elements="0" coveredelements="0"/>
    </file>
    <file name="/home/awd/projects/global/php/nova-poshta/src/NovaPoshta/Models/PaymentInterface.php">
      <metrics loc="33" ncloc="11" classes="0" methods="0" coveredmethods="0" conditionals="0" coveredconditionals="0" statements="0" coveredstatements="0" elements="0" coveredelements="0"/>
    </file>
    <file name="/home/awd/projects/global/php/nova-poshta/src/NovaPoshta/Models/ScanSheetInterface.php">
      <metrics loc="93" ncloc="13" classes="0" methods="0" coveredmethods="0" conditionals="0" coveredconditionals="0" statements="0" coveredstatements="0" elements="0" coveredelements="0"/>
    </file>
    <file name="/home/awd/projects/global/php/nova-poshta/src/NovaPoshta/Models/TrackingDocumentsInterface.php">
      <metrics loc="38" ncloc="13" classes="0" methods="0" coveredmethods="0" conditionals="0" coveredconditionals="0" statements="0" coveredstatements="0" elements="0" coveredelements="0"/>
    </file>
    <package name="NovaPoshta\Settings">
      <file name="/home/awd/projects/global/php/nova-poshta/src/NovaPoshta/Settings/Settings.php">
        <class name="Settings" namespace="NovaPoshta\Settings" fullPackage="NovaPoshta" package="NovaPoshta">
          <metrics complexity="17" methods="10" coveredmethods="10" conditionals="0" coveredconditionals="0" statements="22" coveredstatements="22" elements="32" coveredelements="32"/>
        </class>
        <line num="73" type="method" name="isValid" visibility="public" complexity="2" crap="2" count="2"/>
        <line num="75" type="stmt" count="2"/>
        <line num="82" type="method" name="getApiKey" visibility="public" complexity="1" crap="1" count="1"/>
        <line num="84" type="stmt" count="1"/>
        <line num="91" type="method" name="setApiKey" visibility="public" complexity="1" crap="1" count="1"/>
        <line num="93" type="stmt" count="1"/>
        <line num="94" type="stmt" count="1"/>
        <line num="100" type="method" name="getDriver" visibility="public" complexity="1" crap="1" count="2"/>
        <line num="102" type="stmt" count="2"/>
        <line num="109" type="method" name="setDriver" visibility="public" complexity="2" crap="2" count="1"/>
        <line num="111" type="stmt" count="1"/>
        <line num="112" type="stmt" count="1"/>
        <line num="114" type="stmt" count="1"/>
        <line num="116" type="stmt" count="1"/>
        <line num="126" type="method" name="language" visibility="public" complexity="3" crap="3" count="2"/>
        <line num="129" type="stmt" count="2"/>
        <line num="130" type="stmt" count="2"/>
        <line num="132" type="stmt" count="1"/>
        <line num="134" type="stmt" count="1"/>
        <line num="136" type="stmt" count="2"/>
        <line num="144" type="method" name="getLanguage" visibility="public" complexity="1" crap="1" count="1"/>
        <line num="146" type="stmt" count="1"/>
        <line num="157" type="method" name="getDefaultDriver" visibility="private" complexity="3" crap="3" count="1"/>
        <line num="170" type="stmt" count="1"/>
        <line num="179" type="method" name="getApiHost" visibility="public" complexity="1" crap="1" count="1"/>
        <line num="181" type="stmt" count="1"/>
        <line num="194" type="method" name="auth" visibility="public" complexity="2" crap="2" count="3"/>
        <line num="196" type="stmt" count="3"/>
        <line num="197" type="stmt" count="3"/>
        <line num="199" type="stmt" count="3"/>
        <line num="200" type="stmt" count="3"/>
        <line num="203" type="stmt" count="1"/>
        <metrics loc="205" ncloc="117" classes="1" methods="10" coveredmethods="10" conditionals="0" coveredconditionals="0" statements="22" coveredstatements="22" elements="32" coveredelements="32"/>
      </file>
    </package>
    <package name="NovaPoshta\Util">
      <file name="/home/awd/projects/global/php/nova-poshta/src/NovaPoshta/Util/Singleton.php">
        <class name="Singleton" namespace="NovaPoshta\Util">
          <metrics complexity="5" methods="1" coveredmethods="1" conditionals="0" coveredconditionals="0" statements="1" coveredstatements="1" elements="2" coveredelements="2"/>
        </class>
        <line num="61" type="method" name="getInstance" visibility="public" complexity="2" crap="2" count="2"/>
        <line num="68" type="stmt" count="2"/>
        <metrics loc="70" ncloc="33" classes="1" methods="1" coveredmethods="1" conditionals="0" coveredconditionals="0" statements="1" coveredstatements="1" elements="2" coveredelements="2"/>
      </file>
    </package>
    <metrics files="30" loc="3259" ncloc="1329" classes="15" methods="88" coveredmethods="53" conditionals="0" coveredconditionals="0" statements="262" coveredstatements="174" elements="350" coveredelements="227"/>
  </project>
</coverage>
